[38;5;112m[Appium][0m Welcome to Appium v2.11.3 (REV 42c11a4dedf352229271593de831161071603c66)
[38;5;112m[Appium][0m Non-default server args:
[38;5;112m[Appium][0m { basePath: [32m'/wd/hub'[39m, loglevel: [32m'info'[39m, port: [33m64412[39m }
[38;5;112m[Appium][0m Attempting to load driver uiautomator2...
[38;5;112m[Appium][0m Appium REST http interface listener started on http://0.0.0.0:64412/wd/hub
[38;5;112m[Appium][0m You can provide the following URLs in your client code to connect to this server:
	http://127.0.0.1:64412/wd/hub (only accessible from the same host)
	http://10.11.12.199:64412/wd/hub
[38;5;112m[Appium][0m Available drivers:
[38;5;112m[Appium][0m   - uiautomator2@3.7.7 (automationName 'UiAutomator2')
[38;5;112m[Appium][0m No plugins have been installed. Use the "appium plugin" command to install the one(s) you want to use.
[38;5;86m[HTTP][0m [37m-->[39m [37mGET[39m [37m/wd/hub/status[39m {}
[38;5;86m[HTTP][0m <-- GET /wd/hub/status 200 2 ms - 200 
[38;5;86m[HTTP][0m [37m-->[39m [37mGET[39m [37m/wd/hub/status[39m {}
[38;5;86m[HTTP][0m <-- GET /wd/hub/status 200 1 ms - 200 
[38;5;86m[HTTP][0m [37m-->[39m [37mPOST[39m [37m/wd/hub/session[39m {"desiredCapabilities":{"appium:systemPort":8286,"appium:udid":"PDAGAA4890411161","appium:autoGrantPermissions":true,"appium:newCommandTimeout":1800,"appium:platformName":"ANDROID","appium:appActivity":".Settings","appium:deviceName":"HMD Global Nokia 5.1 Plus (Android 10)","platformName":"Android","appium:automationName":"uiautomator2","appium:platformVersion":"10","appium:appPackage":"com.android.settings"},"capabilities":{"firstMatch":[{"appium:appActivity":".Settings","appium:appPackage":"com.android.settings","appium:autoGrantPermissions":true,"appium:automationName":"uiautomator2","appium:deviceName":"HMD Global Nokia 5.1 Plus (Android 10)","appium:newCommandTimeout":1800,"appium:platformName":"ANDROID","appium:platformVersion":"10","appium:systemPort":8286,"appium:udid":"PDAGAA4890411161","platformName":"android"}]}}
[38;5;123m[BaseDriver][0m Ignoring capability 'appium:platformName=ANDROID' and using capability 'platformName=android'
[38;5;123m[BaseDriver][0m The capabilities ["platformName"] are standard capabilities and do not require "appium:" prefix
[38;5;112m[Appium][0m Attempting to find matching driver for automationName 'uiautomator2' and platformName 'android'
[38;5;112m[Appium][0m The 'uiautomator2' driver was installed and matched caps.
[38;5;112m[Appium][0m Will require it at /Users/noval/.appium/node_modules/appium-uiautomator2-driver
[38;5;224m[AppiumDriver@5ecc][0m Appium v2.11.3 creating new AndroidUiautomator2Driver (v3.7.7) session
[38;5;224m[AppiumDriver@5ecc][0m Checking BaseDriver versions for Appium and AndroidUiautomator2Driver
[38;5;224m[AppiumDriver@5ecc][0m Appium's BaseDriver version is 9.11.3
[38;5;224m[AppiumDriver@5ecc][0m AndroidUiautomator2Driver's BaseDriver version is 9.11.3
[38;5;103m[6aeb353f][0m[38;5;-47m[AndroidUiautomator2Driver@be50][0m Session created with session id: 6aeb353f-cdbb-4c5c-b17b-124ff2521c7d
[38;5;103m[6aeb353f][0m[38;5;229m[ADB][0m Found 1 'build-tools' folders under '/Users/noval/.katalon/tools/android_sdk' (newest first):
[38;5;103m[6aeb353f][0m[38;5;229m[ADB][0m     /Users/noval/.katalon/tools/android_sdk/build-tools/29.0.3
[38;5;103m[6aeb353f][0m[38;5;229m[ADB][0m Using 'adb' from '/Users/noval/.katalon/tools/android_sdk/platform-tools/adb'
[38;5;103m[6aeb353f][0m[38;5;-47m[AndroidUiautomator2Driver@be50][0m Retrieving device list
[38;5;103m[6aeb353f][0m[38;5;-47m[AndroidUiautomator2Driver@be50][0m Using device: PDAGAA4890411161
[38;5;103m[6aeb353f][0m[38;5;229m[ADB][0m Using 'adb' from '/Users/noval/.katalon/tools/android_sdk/platform-tools/adb'
[38;5;103m[6aeb353f][0m[38;5;-47m[AndroidUiautomator2Driver@be50][0m Starting 'com.android.settings' directly on the device
[38;5;103m[6aeb353f][0m[38;5;229m[ADB][0m Getting device platform version
[38;5;103m[6aeb353f][0m[38;5;-47m[AndroidUiautomator2Driver@be50][0m Relaxing hidden api policy
[38;5;103m[6aeb353f][0m[38;5;-47m[AndroidUiautomator2Driver@be50][0m No app sent in, not parsing package/activity
[38;5;103m[6aeb353f][0m[38;5;229m[ADB][0m Using 'aapt2' from '/Users/noval/.katalon/tools/android_sdk/build-tools/29.0.3/aapt2'
[38;5;103m[6aeb353f][0m[38;5;-47m[AndroidUiautomator2Driver@be50][0m Server packages are not going to be (re)installed
[38;5;103m[6aeb353f][0m[38;5;229m[ADB][0m Adding packages ["io.appium.settings","io.appium.uiautomator2.server","io.appium.uiautomator2.server.test"] to Doze whitelist
[38;5;103m[6aeb353f][0m[38;5;-47m[AndroidUiautomator2Driver@be50][0m Starting UIAutomator2 server 7.0.22
[38;5;103m[6aeb353f][0m[38;5;-47m[AndroidUiautomator2Driver@be50][0m Using UIAutomator2 server from '/Users/noval/.appium/node_modules/appium-uiautomator2-driver/node_modules/appium-uiautomator2-server/apks/appium-uiautomator2-server-v7.0.22.apk' and test from '/Users/noval/.appium/node_modules/appium-uiautomator2-driver/node_modules/appium-uiautomator2-server/apks/appium-uiautomator2-server-debug-androidTest.apk'
[38;5;103m[6aeb353f][0m[38;5;-47m[AndroidUiautomator2Driver@be50][0m Waiting up to 30000ms for UiAutomator2 to be online...
[38;5;103m[6aeb353f][0m[38;5;-47m[AndroidUiautomator2Driver@be50][0m socket hang up
[38;5;103m[6aeb353f][0m[38;5;-47m[AndroidUiautomator2Driver@be50][0m socket hang up
[38;5;103m[6aeb353f][0m[38;5;-47m[AndroidUiautomator2Driver@be50][0m socket hang up
[38;5;103m[6aeb353f][0m[38;5;-47m[AndroidUiautomator2Driver@be50][0m Determined the downstream protocol as 'W3C'
[38;5;103m[6aeb353f][0m[38;5;-47m[AndroidUiautomator2Driver@be50][0m Screen already unlocked, doing nothing
[38;5;103m[6aeb353f][0m[38;5;-47m[AndroidUiautomator2Driver@be50][0m Starting 'com.android.settings/.Settings and waiting for 'com.android.settings/.Settings'
[38;5;103m[6aeb353f][0m[38;5;224m[AppiumDriver@5ecc][0m New AndroidUiautomator2Driver session created successfully, session 6aeb353f-cdbb-4c5c-b17b-124ff2521c7d added to master session list
[38;5;103m[6aeb353f][0m[38;5;86m[HTTP][0m <-- POST /wd/hub/session 200 6271 ms - 1119 
[38;5;103m[6aeb353f][0m[38;5;86m[HTTP][0m [37m-->[39m [37mGET[39m [37m/wd/hub/session/6aeb353f-cdbb-4c5c-b17b-124ff2521c7d[39m {}
[38;5;103m[6aeb353f][0m[38;5;86m[HTTP][0m <-- GET /wd/hub/session/6aeb353f-cdbb-4c5c-b17b-124ff2521c7d 200 14 ms - 326 
[38;5;103m[6aeb353f][0m[38;5;86m[HTTP][0m [37m-->[39m [37mGET[39m [37m/wd/hub/session/6aeb353f-cdbb-4c5c-b17b-124ff2521c7d[39m {}
[38;5;103m[6aeb353f][0m[38;5;86m[HTTP][0m <-- GET /wd/hub/session/6aeb353f-cdbb-4c5c-b17b-124ff2521c7d 200 11 ms - 326 
[38;5;86m[HTTP][0m [37m-->[39m [37mGET[39m [37m/wd/hub/status[39m {}
[38;5;86m[HTTP][0m <-- GET /wd/hub/status 200 1 ms - 200 
[38;5;103m[6aeb353f][0m[38;5;86m[HTTP][0m [37m-->[39m [37mPOST[39m [37m/wd/hub/session/6aeb353f-cdbb-4c5c-b17b-124ff2521c7d/timeouts[39m {"implicit":60000}
[38;5;103m[6aeb353f][0m[38;5;86m[HTTP][0m <-- POST /wd/hub/session/6aeb353f-cdbb-4c5c-b17b-124ff2521c7d/timeouts 200 2 ms - 14 
[38;5;103m[6aeb353f][0m[38;5;86m[HTTP][0m [37m-->[39m [37mGET[39m [37m/wd/hub/session/6aeb353f-cdbb-4c5c-b17b-124ff2521c7d/appium/device/system_bars[39m {}
[38;5;103m[6aeb353f][0m[38;5;86m[HTTP][0m <-- GET /wd/hub/session/6aeb353f-cdbb-4c5c-b17b-124ff2521c7d/appium/device/system_bars 200 125 ms - 148 
[38;5;103m[6aeb353f][0m[38;5;86m[HTTP][0m [37m-->[39m [37mPOST[39m [37m/wd/hub/session/6aeb353f-cdbb-4c5c-b17b-124ff2521c7d/appium/device/activate_app[39m {"bundleId":"com.olserapratama.pos"}
[38;5;103m[6aeb353f][0m[38;5;86m[HTTP][0m <-- POST /wd/hub/session/6aeb353f-cdbb-4c5c-b17b-124ff2521c7d/appium/device/activate_app 200 156 ms - 14 
[38;5;103m[6aeb353f][0m[38;5;86m[HTTP][0m [37m-->[39m [37mGET[39m [37m/wd/hub/session/6aeb353f-cdbb-4c5c-b17b-124ff2521c7d/source[39m {}
[38;5;103m[6aeb353f][0m[38;5;-47m[AndroidUiautomator2Driver@be50][0m Driver proxy active, passing request on via HTTP proxy
[38;5;103m[6aeb353f][0m[38;5;-47m[AndroidUiautomator2Driver@be50][0m Replacing sessionId 35939cb5-5526-496f-9930-a1b81e9c5888 with 6aeb353f-cdbb-4c5c-b17b-124ff2521c7d
[38;5;103m[6aeb353f][0m[38;5;86m[HTTP][0m <-- GET /wd/hub/session/6aeb353f-cdbb-4c5c-b17b-124ff2521c7d/source 200 1186 ms - 10308 
[38;5;103m[6aeb353f][0m[38;5;86m[HTTP][0m [37m-->[39m [37mGET[39m [37m/wd/hub/session/6aeb353f-cdbb-4c5c-b17b-124ff2521c7d/screenshot[39m {}
[38;5;103m[6aeb353f][0m[38;5;86m[HTTP][0m <-- GET /wd/hub/session/6aeb353f-cdbb-4c5c-b17b-124ff2521c7d/screenshot 200 623 ms - 306388 
[38;5;103m[6aeb353f][0m[38;5;86m[HTTP][0m [37m-->[39m [37mGET[39m [37m/wd/hub/session/6aeb353f-cdbb-4c5c-b17b-124ff2521c7d/window/rect[39m {}
[38;5;103m[6aeb353f][0m[38;5;86m[HTTP][0m <-- GET /wd/hub/session/6aeb353f-cdbb-4c5c-b17b-124ff2521c7d/window/rect 200 37 ms - 49 
[38;5;103m[6aeb353f][0m[38;5;86m[HTTP][0m [37m-->[39m [37mPOST[39m [37m/wd/hub/session/6aeb353f-cdbb-4c5c-b17b-124ff2521c7d/elements[39m {"using":"xpath","value":"//*[@class = 'android.widget.ImageView' and (@text = '' or . = '')]"}
[38;5;103m[6aeb353f][0m[38;5;86m[HTTP][0m <-- POST /wd/hub/session/6aeb353f-cdbb-4c5c-b17b-124ff2521c7d/elements 200 750 ms - 523 
[38;5;103m[6aeb353f][0m[38;5;86m[HTTP][0m [37m-->[39m [37mGET[39m [37m/wd/hub/session/6aeb353f-cdbb-4c5c-b17b-124ff2521c7d/element/00000000-0000-0179-ffff-ffff00000097/location[39m {}
[38;5;103m[6aeb353f][0m[38;5;-47m[AndroidUiautomator2Driver@be50][0m Driver proxy active, passing request on via HTTP proxy
[38;5;103m[6aeb353f][0m[38;5;-47m[AndroidUiautomator2Driver@be50][0m Replacing sessionId 35939cb5-5526-496f-9930-a1b81e9c5888 with 6aeb353f-cdbb-4c5c-b17b-124ff2521c7d
[38;5;103m[6aeb353f][0m[38;5;86m[HTTP][0m <-- GET /wd/hub/session/6aeb353f-cdbb-4c5c-b17b-124ff2521c7d/element/00000000-0000-0179-ffff-ffff00000097/location 200 65 ms - 75 
[38;5;103m[6aeb353f][0m[38;5;86m[HTTP][0m [37m-->[39m [37mPOST[39m [37m/wd/hub/session/6aeb353f-cdbb-4c5c-b17b-124ff2521c7d/element/00000000-0000-0179-ffff-ffff00000097/click[39m {"id":"00000000-0000-0179-ffff-ffff00000097"}
[38;5;103m[6aeb353f][0m[38;5;86m[HTTP][0m <-- POST /wd/hub/session/6aeb353f-cdbb-4c5c-b17b-124ff2521c7d/element/00000000-0000-0179-ffff-ffff00000097/click 200 80 ms - 14 
[38;5;103m[6aeb353f][0m[38;5;86m[HTTP][0m [37m-->[39m [37mGET[39m [37m/wd/hub/session/6aeb353f-cdbb-4c5c-b17b-124ff2521c7d/source[39m {}
[38;5;103m[6aeb353f][0m[38;5;-47m[AndroidUiautomator2Driver@be50][0m Driver proxy active, passing request on via HTTP proxy
[38;5;103m[6aeb353f][0m[38;5;-47m[AndroidUiautomator2Driver@be50][0m Replacing sessionId 35939cb5-5526-496f-9930-a1b81e9c5888 with 6aeb353f-cdbb-4c5c-b17b-124ff2521c7d
[38;5;103m[6aeb353f][0m[38;5;86m[HTTP][0m <-- GET /wd/hub/session/6aeb353f-cdbb-4c5c-b17b-124ff2521c7d/source 200 259 ms - 10308 
[38;5;103m[6aeb353f][0m[38;5;86m[HTTP][0m [37m-->[39m [37mGET[39m [37m/wd/hub/session/6aeb353f-cdbb-4c5c-b17b-124ff2521c7d/screenshot[39m {}
[38;5;103m[6aeb353f][0m[38;5;86m[HTTP][0m <-- GET /wd/hub/session/6aeb353f-cdbb-4c5c-b17b-124ff2521c7d/screenshot 200 611 ms - 306388 
[38;5;103m[6aeb353f][0m[38;5;86m[HTTP][0m [37m-->[39m [37mDELETE[39m [37m/wd/hub/session/6aeb353f-cdbb-4c5c-b17b-124ff2521c7d[39m {}
[38;5;103m[6aeb353f][0m[38;5;224m[AppiumDriver@5ecc][0m Removing session 6aeb353f-cdbb-4c5c-b17b-124ff2521c7d from our master session list
[38;5;103m[6aeb353f][0m[38;5;-47m[AndroidUiautomator2Driver@be50][0m Restoring hidden api policy to the device default configuration
[38;5;103m[6aeb353f][0m[38;5;86m[HTTP][0m <-- DELETE /wd/hub/session/6aeb353f-cdbb-4c5c-b17b-124ff2521c7d 200 1531 ms - 14 
[38;5;112m[Appium][0m Received SIGTERM - shutting down
[38;5;86m[HTTP][0m Closing Appium HTTP server
[38;5;86m[HTTP][0m Appium HTTP server has been succesfully closed after 9ms
