[38;5;112m[Appium][0m Welcome to Appium v2.11.3 (REV 42c11a4dedf352229271593de831161071603c66)
[38;5;112m[Appium][0m Non-default server args:
[38;5;112m[Appium][0m { basePath: [32m'/wd/hub'[39m, loglevel: [32m'info'[39m, port: [33m63161[39m }
[38;5;112m[Appium][0m Attempting to load driver uiautomator2...
[38;5;112m[Appium][0m Appium REST http interface listener started on http://0.0.0.0:63161/wd/hub
[38;5;112m[Appium][0m You can provide the following URLs in your client code to connect to this server:
	http://127.0.0.1:63161/wd/hub (only accessible from the same host)
	http://10.11.12.199:63161/wd/hub
[38;5;112m[Appium][0m Available drivers:
[38;5;112m[Appium][0m   - uiautomator2@3.7.7 (automationName 'UiAutomator2')
[38;5;112m[Appium][0m No plugins have been installed. Use the "appium plugin" command to install the one(s) you want to use.
[38;5;86m[HTTP][0m [37m-->[39m [37mGET[39m [37m/wd/hub/status[39m {}
[38;5;86m[HTTP][0m <-- GET /wd/hub/status 200 2 ms - 200 
[38;5;86m[HTTP][0m [37m-->[39m [37mPOST[39m [37m/wd/hub/session[39m {"desiredCapabilities":{"appium:systemPort":8282,"appium:udid":"PDAGAA4890411161","appium:autoGrantPermissions":true,"appium:newCommandTimeout":1800,"appium:platformName":"ANDROID","appium:appActivity":".Settings","appium:deviceName":"HMD Global Nokia 5.1 Plus (Android 10)","platformName":"Android","appium:automationName":"uiautomator2","appium:platformVersion":"10","appium:appPackage":"com.android.settings"},"capabilities":{"firstMatch":[{"appium:appActivity":".Settings","appium:appPackage":"com.android.settings","appium:autoGrantPermissions":true,"appium:automationName":"uiautomator2","appium:deviceName":"HMD Global Nokia 5.1 Plus (Android 10)","appium:newCommandTimeout":1800,"appium:platformName":"ANDROID","appium:platformVersion":"10","appium:systemPort":8282,"appium:udid":"PDAGAA4890411161","platformName":"android"}]}}
[38;5;123m[BaseDriver][0m Ignoring capability 'appium:platformName=ANDROID' and using capability 'platformName=android'
[38;5;123m[BaseDriver][0m The capabilities ["platformName"] are standard capabilities and do not require "appium:" prefix
[38;5;112m[Appium][0m Attempting to find matching driver for automationName 'uiautomator2' and platformName 'android'
[38;5;112m[Appium][0m The 'uiautomator2' driver was installed and matched caps.
[38;5;112m[Appium][0m Will require it at /Users/noval/.appium/node_modules/appium-uiautomator2-driver
[38;5;44m[AppiumDriver@e3ee][0m Appium v2.11.3 creating new AndroidUiautomator2Driver (v3.7.7) session
[38;5;44m[AppiumDriver@e3ee][0m Checking BaseDriver versions for Appium and AndroidUiautomator2Driver
[38;5;44m[AppiumDriver@e3ee][0m Appium's BaseDriver version is 9.11.3
[38;5;44m[AppiumDriver@e3ee][0m AndroidUiautomator2Driver's BaseDriver version is 9.11.3
[38;5;54m[0048b0b2][0m[38;5;-139m[AndroidUiautomator2Driver@5991][0m Session created with session id: 0048b0b2-ccfa-4336-ac07-856286abe7c5
[38;5;54m[0048b0b2][0m[38;5;229m[ADB][0m Found 1 'build-tools' folders under '/Users/noval/.katalon/tools/android_sdk' (newest first):
[38;5;54m[0048b0b2][0m[38;5;229m[ADB][0m     /Users/noval/.katalon/tools/android_sdk/build-tools/29.0.3
[38;5;54m[0048b0b2][0m[38;5;229m[ADB][0m Using 'adb' from '/Users/noval/.katalon/tools/android_sdk/platform-tools/adb'
[38;5;54m[0048b0b2][0m[38;5;-139m[AndroidUiautomator2Driver@5991][0m Retrieving device list
[38;5;54m[0048b0b2][0m[38;5;-139m[AndroidUiautomator2Driver@5991][0m Using device: PDAGAA4890411161
[38;5;54m[0048b0b2][0m[38;5;229m[ADB][0m Using 'adb' from '/Users/noval/.katalon/tools/android_sdk/platform-tools/adb'
[38;5;54m[0048b0b2][0m[38;5;-139m[AndroidUiautomator2Driver@5991][0m Starting 'com.android.settings' directly on the device
[38;5;54m[0048b0b2][0m[38;5;229m[ADB][0m Getting device platform version
[38;5;54m[0048b0b2][0m[38;5;-139m[AndroidUiautomator2Driver@5991][0m Relaxing hidden api policy
[38;5;54m[0048b0b2][0m[38;5;-139m[AndroidUiautomator2Driver@5991][0m No app sent in, not parsing package/activity
[38;5;54m[0048b0b2][0m[38;5;229m[ADB][0m Using 'aapt2' from '/Users/noval/.katalon/tools/android_sdk/build-tools/29.0.3/aapt2'
[38;5;54m[0048b0b2][0m[38;5;-139m[AndroidUiautomator2Driver@5991][0m Server packages are not going to be (re)installed
[38;5;54m[0048b0b2][0m[38;5;229m[ADB][0m Adding packages ["io.appium.settings","io.appium.uiautomator2.server","io.appium.uiautomator2.server.test"] to Doze whitelist
[38;5;54m[0048b0b2][0m[38;5;-139m[AndroidUiautomator2Driver@5991][0m Starting UIAutomator2 server 7.0.22
[38;5;54m[0048b0b2][0m[38;5;-139m[AndroidUiautomator2Driver@5991][0m Using UIAutomator2 server from '/Users/noval/.appium/node_modules/appium-uiautomator2-driver/node_modules/appium-uiautomator2-server/apks/appium-uiautomator2-server-v7.0.22.apk' and test from '/Users/noval/.appium/node_modules/appium-uiautomator2-driver/node_modules/appium-uiautomator2-server/apks/appium-uiautomator2-server-debug-androidTest.apk'
[38;5;54m[0048b0b2][0m[38;5;-139m[AndroidUiautomator2Driver@5991][0m Waiting up to 30000ms for UiAutomator2 to be online...
[38;5;54m[0048b0b2][0m[38;5;-139m[AndroidUiautomator2Driver@5991][0m socket hang up
[38;5;54m[0048b0b2][0m[38;5;-139m[AndroidUiautomator2Driver@5991][0m socket hang up
[38;5;54m[0048b0b2][0m[38;5;-139m[AndroidUiautomator2Driver@5991][0m socket hang up
[38;5;54m[0048b0b2][0m[38;5;-139m[AndroidUiautomator2Driver@5991][0m Determined the downstream protocol as 'W3C'
[38;5;54m[0048b0b2][0m[38;5;-139m[AndroidUiautomator2Driver@5991][0m Screen already unlocked, doing nothing
[38;5;54m[0048b0b2][0m[38;5;-139m[AndroidUiautomator2Driver@5991][0m Starting 'com.android.settings/.Settings and waiting for 'com.android.settings/.Settings'
[38;5;54m[0048b0b2][0m[38;5;44m[AppiumDriver@e3ee][0m New AndroidUiautomator2Driver session created successfully, session 0048b0b2-ccfa-4336-ac07-856286abe7c5 added to master session list
[38;5;54m[0048b0b2][0m[38;5;86m[HTTP][0m <-- POST /wd/hub/session 200 5888 ms - 1119 
[38;5;54m[0048b0b2][0m[38;5;86m[HTTP][0m [37m-->[39m [37mGET[39m [37m/wd/hub/session/0048b0b2-ccfa-4336-ac07-856286abe7c5[39m {}
[38;5;54m[0048b0b2][0m[38;5;86m[HTTP][0m <-- GET /wd/hub/session/0048b0b2-ccfa-4336-ac07-856286abe7c5 200 11 ms - 326 
[38;5;54m[0048b0b2][0m[38;5;86m[HTTP][0m [37m-->[39m [37mGET[39m [37m/wd/hub/session/0048b0b2-ccfa-4336-ac07-856286abe7c5[39m {}
[38;5;54m[0048b0b2][0m[38;5;86m[HTTP][0m <-- GET /wd/hub/session/0048b0b2-ccfa-4336-ac07-856286abe7c5 200 9 ms - 326 
[38;5;86m[HTTP][0m [37m-->[39m [37mGET[39m [37m/wd/hub/status[39m {}
[38;5;86m[HTTP][0m <-- GET /wd/hub/status 200 1 ms - 200 
[38;5;54m[0048b0b2][0m[38;5;86m[HTTP][0m [37m-->[39m [37mPOST[39m [37m/wd/hub/session/0048b0b2-ccfa-4336-ac07-856286abe7c5/timeouts[39m {"implicit":30000}
[38;5;54m[0048b0b2][0m[38;5;86m[HTTP][0m <-- POST /wd/hub/session/0048b0b2-ccfa-4336-ac07-856286abe7c5/timeouts 200 1 ms - 14 
[38;5;54m[0048b0b2][0m[38;5;86m[HTTP][0m [37m-->[39m [37mGET[39m [37m/wd/hub/session/0048b0b2-ccfa-4336-ac07-856286abe7c5/appium/device/system_bars[39m {}
[38;5;54m[0048b0b2][0m[38;5;86m[HTTP][0m <-- GET /wd/hub/session/0048b0b2-ccfa-4336-ac07-856286abe7c5/appium/device/system_bars 200 116 ms - 148 
[38;5;54m[0048b0b2][0m[38;5;86m[HTTP][0m [37m-->[39m [37mPOST[39m [37m/wd/hub/session/0048b0b2-ccfa-4336-ac07-856286abe7c5/appium/device/activate_app[39m {"bundleId":"com.android.chrome"}
[38;5;54m[0048b0b2][0m[38;5;86m[HTTP][0m <-- POST /wd/hub/session/0048b0b2-ccfa-4336-ac07-856286abe7c5/appium/device/activate_app 200 171 ms - 14 
[38;5;54m[0048b0b2][0m[38;5;86m[HTTP][0m [37m-->[39m [37mPOST[39m [37m/wd/hub/session/0048b0b2-ccfa-4336-ac07-856286abe7c5/timeouts[39m {"implicit":50}
[38;5;54m[0048b0b2][0m[38;5;86m[HTTP][0m <-- POST /wd/hub/session/0048b0b2-ccfa-4336-ac07-856286abe7c5/timeouts 200 1 ms - 14 
[38;5;54m[0048b0b2][0m[38;5;86m[HTTP][0m [37m-->[39m [37mGET[39m [37m/wd/hub/session/0048b0b2-ccfa-4336-ac07-856286abe7c5/window/rect[39m {}
[38;5;54m[0048b0b2][0m[38;5;86m[HTTP][0m <-- GET /wd/hub/session/0048b0b2-ccfa-4336-ac07-856286abe7c5/window/rect 200 14 ms - 49 
[38;5;54m[0048b0b2][0m[38;5;86m[HTTP][0m [37m-->[39m [37mPOST[39m [37m/wd/hub/session/0048b0b2-ccfa-4336-ac07-856286abe7c5/elements[39m {"using":"xpath","value":"//*[@class = 'android.widget.EditText' and (@text = 'Search or type URL' or . = 'Search or type URL') and @resource-id = 'com.android.chrome:id/search_box_text']"}
[38;5;54m[0048b0b2][0m[38;5;86m[HTTP][0m <-- POST /wd/hub/session/0048b0b2-ccfa-4336-ac07-856286abe7c5/elements 200 1861 ms - 12 
[38;5;54m[0048b0b2][0m[38;5;86m[HTTP][0m [37m-->[39m [37mPOST[39m [37m/wd/hub/session/0048b0b2-ccfa-4336-ac07-856286abe7c5/elements[39m {"using":"xpath","value":"//*[@class = 'android.widget.EditText' and (@text = 'Search or type URL' or . = 'Search or type URL') and @resource-id = 'com.android.chrome:id/search_box_text']"}
[38;5;54m[0048b0b2][0m[38;5;86m[HTTP][0m <-- POST /wd/hub/session/0048b0b2-ccfa-4336-ac07-856286abe7c5/elements 200 119 ms - 12 
[38;5;54m[0048b0b2][0m[38;5;86m[HTTP][0m [37m-->[39m [37mPOST[39m [37m/wd/hub/session/0048b0b2-ccfa-4336-ac07-856286abe7c5/elements[39m {"using":"xpath","value":"//*[@class = 'android.widget.EditText' and (@text = 'Search or type URL' or . = 'Search or type URL') and @resource-id = 'com.android.chrome:id/search_box_text']"}
[38;5;54m[0048b0b2][0m[38;5;86m[HTTP][0m <-- POST /wd/hub/session/0048b0b2-ccfa-4336-ac07-856286abe7c5/elements 200 145 ms - 12 
[38;5;54m[0048b0b2][0m[38;5;86m[HTTP][0m [37m-->[39m [37mPOST[39m [37m/wd/hub/session/0048b0b2-ccfa-4336-ac07-856286abe7c5/elements[39m {"using":"xpath","value":"//*[@class = 'android.widget.EditText' and (@text = 'Search or type URL' or . = 'Search or type URL') and @resource-id = 'com.android.chrome:id/search_box_text']"}
[38;5;54m[0048b0b2][0m[38;5;86m[HTTP][0m <-- POST /wd/hub/session/0048b0b2-ccfa-4336-ac07-856286abe7c5/elements 200 128 ms - 12 
[38;5;54m[0048b0b2][0m[38;5;86m[HTTP][0m [37m-->[39m [37mPOST[39m [37m/wd/hub/session/0048b0b2-ccfa-4336-ac07-856286abe7c5/elements[39m {"using":"xpath","value":"//*[@class = 'android.widget.EditText' and (@text = 'Search or type URL' or . = 'Search or type URL') and @resource-id = 'com.android.chrome:id/search_box_text']"}
[38;5;54m[0048b0b2][0m[38;5;86m[HTTP][0m <-- POST /wd/hub/session/0048b0b2-ccfa-4336-ac07-856286abe7c5/elements 200 109 ms - 12 
[38;5;54m[0048b0b2][0m[38;5;86m[HTTP][0m [37m-->[39m [37mPOST[39m [37m/wd/hub/session/0048b0b2-ccfa-4336-ac07-856286abe7c5/elements[39m {"using":"xpath","value":"//*[@class = 'android.widget.EditText' and (@text = 'Search or type URL' or . = 'Search or type URL') and @resource-id = 'com.android.chrome:id/search_box_text']"}
[38;5;54m[0048b0b2][0m[38;5;86m[HTTP][0m <-- POST /wd/hub/session/0048b0b2-ccfa-4336-ac07-856286abe7c5/elements 200 105 ms - 12 
[38;5;54m[0048b0b2][0m[38;5;86m[HTTP][0m [37m-->[39m [37mPOST[39m [37m/wd/hub/session/0048b0b2-ccfa-4336-ac07-856286abe7c5/elements[39m {"using":"xpath","value":"//*[@class = 'android.widget.EditText' and (@text = 'Search or type URL' or . = 'Search or type URL') and @resource-id = 'com.android.chrome:id/search_box_text']"}
[38;5;54m[0048b0b2][0m[38;5;86m[HTTP][0m <-- POST /wd/hub/session/0048b0b2-ccfa-4336-ac07-856286abe7c5/elements 200 89 ms - 12 
[38;5;54m[0048b0b2][0m[38;5;86m[HTTP][0m [37m-->[39m [37mPOST[39m [37m/wd/hub/session/0048b0b2-ccfa-4336-ac07-856286abe7c5/elements[39m {"using":"xpath","value":"//*[@class = 'android.widget.EditText' and (@text = 'Search or type URL' or . = 'Search or type URL') and @resource-id = 'com.android.chrome:id/search_box_text']"}
[38;5;54m[0048b0b2][0m[38;5;86m[HTTP][0m <-- POST /wd/hub/session/0048b0b2-ccfa-4336-ac07-856286abe7c5/elements 200 91 ms - 12 
[38;5;54m[0048b0b2][0m[38;5;86m[HTTP][0m [37m-->[39m [37mPOST[39m [37m/wd/hub/session/0048b0b2-ccfa-4336-ac07-856286abe7c5/elements[39m {"using":"xpath","value":"//*[@class = 'android.widget.EditText' and (@text = 'Search or type URL' or . = 'Search or type URL') and @resource-id = 'com.android.chrome:id/search_box_text']"}
[38;5;54m[0048b0b2][0m[38;5;86m[HTTP][0m <-- POST /wd/hub/session/0048b0b2-ccfa-4336-ac07-856286abe7c5/elements 200 93 ms - 12 
[38;5;54m[0048b0b2][0m[38;5;86m[HTTP][0m [37m-->[39m [37mPOST[39m [37m/wd/hub/session/0048b0b2-ccfa-4336-ac07-856286abe7c5/elements[39m {"using":"xpath","value":"//*[@class = 'android.widget.EditText' and (@text = 'Search or type URL' or . = 'Search or type URL') and @resource-id = 'com.android.chrome:id/search_box_text']"}
[38;5;54m[0048b0b2][0m[38;5;86m[HTTP][0m <-- POST /wd/hub/session/0048b0b2-ccfa-4336-ac07-856286abe7c5/elements 200 89 ms - 12 
[38;5;54m[0048b0b2][0m[38;5;86m[HTTP][0m [37m-->[39m [37mPOST[39m [37m/wd/hub/session/0048b0b2-ccfa-4336-ac07-856286abe7c5/elements[39m {"using":"xpath","value":"//*[@class = 'android.widget.EditText' and (@text = 'Search or type URL' or . = 'Search or type URL') and @resource-id = 'com.android.chrome:id/search_box_text']"}
[38;5;54m[0048b0b2][0m[38;5;86m[HTTP][0m <-- POST /wd/hub/session/0048b0b2-ccfa-4336-ac07-856286abe7c5/elements 200 79 ms - 12 
[38;5;54m[0048b0b2][0m[38;5;86m[HTTP][0m [37m-->[39m [37mPOST[39m [37m/wd/hub/session/0048b0b2-ccfa-4336-ac07-856286abe7c5/elements[39m {"using":"xpath","value":"//*[@class = 'android.widget.EditText' and (@text = 'Search or type URL' or . = 'Search or type URL') and @resource-id = 'com.android.chrome:id/search_box_text']"}
[38;5;54m[0048b0b2][0m[38;5;86m[HTTP][0m <-- POST /wd/hub/session/0048b0b2-ccfa-4336-ac07-856286abe7c5/elements 200 84 ms - 12 
[38;5;54m[0048b0b2][0m[38;5;86m[HTTP][0m [37m-->[39m [37mPOST[39m [37m/wd/hub/session/0048b0b2-ccfa-4336-ac07-856286abe7c5/elements[39m {"using":"xpath","value":"//*[@class = 'android.widget.EditText' and (@text = 'Search or type URL' or . = 'Search or type URL') and @resource-id = 'com.android.chrome:id/search_box_text']"}
[38;5;54m[0048b0b2][0m[38;5;86m[HTTP][0m <-- POST /wd/hub/session/0048b0b2-ccfa-4336-ac07-856286abe7c5/elements 200 72 ms - 12 
[38;5;54m[0048b0b2][0m[38;5;86m[HTTP][0m [37m-->[39m [37mPOST[39m [37m/wd/hub/session/0048b0b2-ccfa-4336-ac07-856286abe7c5/elements[39m {"using":"xpath","value":"//*[@class = 'android.widget.EditText' and (@text = 'Search or type URL' or . = 'Search or type URL') and @resource-id = 'com.android.chrome:id/search_box_text']"}
[38;5;54m[0048b0b2][0m[38;5;86m[HTTP][0m <-- POST /wd/hub/session/0048b0b2-ccfa-4336-ac07-856286abe7c5/elements 200 84 ms - 12 
[38;5;54m[0048b0b2][0m[38;5;86m[HTTP][0m [37m-->[39m [37mPOST[39m [37m/wd/hub/session/0048b0b2-ccfa-4336-ac07-856286abe7c5/elements[39m {"using":"xpath","value":"//*[@class = 'android.widget.EditText' and (@text = 'Search or type URL' or . = 'Search or type URL') and @resource-id = 'com.android.chrome:id/search_box_text']"}
[38;5;54m[0048b0b2][0m[38;5;86m[HTTP][0m <-- POST /wd/hub/session/0048b0b2-ccfa-4336-ac07-856286abe7c5/elements 200 69 ms - 12 
[38;5;54m[0048b0b2][0m[38;5;86m[HTTP][0m [37m-->[39m [37mPOST[39m [37m/wd/hub/session/0048b0b2-ccfa-4336-ac07-856286abe7c5/elements[39m {"using":"xpath","value":"//*[@class = 'android.widget.EditText' and (@text = 'Search or type URL' or . = 'Search or type URL') and @resource-id = 'com.android.chrome:id/search_box_text']"}
[38;5;54m[0048b0b2][0m[38;5;86m[HTTP][0m <-- POST /wd/hub/session/0048b0b2-ccfa-4336-ac07-856286abe7c5/elements 200 71 ms - 12 
[38;5;54m[0048b0b2][0m[38;5;86m[HTTP][0m [37m-->[39m [37mPOST[39m [37m/wd/hub/session/0048b0b2-ccfa-4336-ac07-856286abe7c5/elements[39m {"using":"xpath","value":"//*[@class = 'android.widget.EditText' and (@text = 'Search or type URL' or . = 'Search or type URL') and @resource-id = 'com.android.chrome:id/search_box_text']"}
[38;5;54m[0048b0b2][0m[38;5;86m[HTTP][0m <-- POST /wd/hub/session/0048b0b2-ccfa-4336-ac07-856286abe7c5/elements 200 78 ms - 12 
[38;5;54m[0048b0b2][0m[38;5;86m[HTTP][0m [37m-->[39m [37mPOST[39m [37m/wd/hub/session/0048b0b2-ccfa-4336-ac07-856286abe7c5/elements[39m {"using":"xpath","value":"//*[@class = 'android.widget.EditText' and (@text = 'Search or type URL' or . = 'Search or type URL') and @resource-id = 'com.android.chrome:id/search_box_text']"}
[38;5;54m[0048b0b2][0m[38;5;86m[HTTP][0m <-- POST /wd/hub/session/0048b0b2-ccfa-4336-ac07-856286abe7c5/elements 200 74 ms - 12 
[38;5;54m[0048b0b2][0m[38;5;86m[HTTP][0m [37m-->[39m [37mPOST[39m [37m/wd/hub/session/0048b0b2-ccfa-4336-ac07-856286abe7c5/elements[39m {"using":"xpath","value":"//*[@class = 'android.widget.EditText' and (@text = 'Search or type URL' or . = 'Search or type URL') and @resource-id = 'com.android.chrome:id/search_box_text']"}
[38;5;54m[0048b0b2][0m[38;5;86m[HTTP][0m <-- POST /wd/hub/session/0048b0b2-ccfa-4336-ac07-856286abe7c5/elements 200 67 ms - 12 
[38;5;54m[0048b0b2][0m[38;5;86m[HTTP][0m [37m-->[39m [37mPOST[39m [37m/wd/hub/session/0048b0b2-ccfa-4336-ac07-856286abe7c5/elements[39m {"using":"xpath","value":"//*[@class = 'android.widget.EditText' and (@text = 'Search or type URL' or . = 'Search or type URL') and @resource-id = 'com.android.chrome:id/search_box_text']"}
[38;5;54m[0048b0b2][0m[38;5;86m[HTTP][0m <-- POST /wd/hub/session/0048b0b2-ccfa-4336-ac07-856286abe7c5/elements 200 69 ms - 12 
[38;5;54m[0048b0b2][0m[38;5;86m[HTTP][0m [37m-->[39m [37mPOST[39m [37m/wd/hub/session/0048b0b2-ccfa-4336-ac07-856286abe7c5/elements[39m {"using":"xpath","value":"//*[@class = 'android.widget.EditText' and (@text = 'Search or type URL' or . = 'Search or type URL') and @resource-id = 'com.android.chrome:id/search_box_text']"}
[38;5;54m[0048b0b2][0m[38;5;86m[HTTP][0m <-- POST /wd/hub/session/0048b0b2-ccfa-4336-ac07-856286abe7c5/elements 200 64 ms - 12 
[38;5;54m[0048b0b2][0m[38;5;86m[HTTP][0m [37m-->[39m [37mPOST[39m [37m/wd/hub/session/0048b0b2-ccfa-4336-ac07-856286abe7c5/elements[39m {"using":"xpath","value":"//*[@class = 'android.widget.EditText' and (@text = 'Search or type URL' or . = 'Search or type URL') and @resource-id = 'com.android.chrome:id/search_box_text']"}
[38;5;54m[0048b0b2][0m[38;5;86m[HTTP][0m <-- POST /wd/hub/session/0048b0b2-ccfa-4336-ac07-856286abe7c5/elements 200 66 ms - 12 
[38;5;54m[0048b0b2][0m[38;5;86m[HTTP][0m [37m-->[39m [37mPOST[39m [37m/wd/hub/session/0048b0b2-ccfa-4336-ac07-856286abe7c5/elements[39m {"using":"xpath","value":"//*[@class = 'android.widget.EditText' and (@text = 'Search or type URL' or . = 'Search or type URL') and @resource-id = 'com.android.chrome:id/search_box_text']"}
[38;5;54m[0048b0b2][0m[38;5;86m[HTTP][0m <-- POST /wd/hub/session/0048b0b2-ccfa-4336-ac07-856286abe7c5/elements 200 66 ms - 12 
[38;5;54m[0048b0b2][0m[38;5;86m[HTTP][0m [37m-->[39m [37mPOST[39m [37m/wd/hub/session/0048b0b2-ccfa-4336-ac07-856286abe7c5/elements[39m {"using":"xpath","value":"//*[@class = 'android.widget.EditText' and (@text = 'Search or type URL' or . = 'Search or type URL') and @resource-id = 'com.android.chrome:id/search_box_text']"}
[38;5;54m[0048b0b2][0m[38;5;86m[HTTP][0m <-- POST /wd/hub/session/0048b0b2-ccfa-4336-ac07-856286abe7c5/elements 200 62 ms - 12 
[38;5;54m[0048b0b2][0m[38;5;86m[HTTP][0m [37m-->[39m [37mPOST[39m [37m/wd/hub/session/0048b0b2-ccfa-4336-ac07-856286abe7c5/elements[39m {"using":"xpath","value":"//*[@class = 'android.widget.EditText' and (@text = 'Search or type URL' or . = 'Search or type URL') and @resource-id = 'com.android.chrome:id/search_box_text']"}
[38;5;54m[0048b0b2][0m[38;5;86m[HTTP][0m <-- POST /wd/hub/session/0048b0b2-ccfa-4336-ac07-856286abe7c5/elements 200 61 ms - 12 
[38;5;54m[0048b0b2][0m[38;5;86m[HTTP][0m [37m-->[39m [37mPOST[39m [37m/wd/hub/session/0048b0b2-ccfa-4336-ac07-856286abe7c5/elements[39m {"using":"xpath","value":"//*[@class = 'android.widget.EditText' and (@text = 'Search or type URL' or . = 'Search or type URL') and @resource-id = 'com.android.chrome:id/search_box_text']"}
[38;5;54m[0048b0b2][0m[38;5;86m[HTTP][0m <-- POST /wd/hub/session/0048b0b2-ccfa-4336-ac07-856286abe7c5/elements 200 60 ms - 12 
[38;5;54m[0048b0b2][0m[38;5;86m[HTTP][0m [37m-->[39m [37mPOST[39m [37m/wd/hub/session/0048b0b2-ccfa-4336-ac07-856286abe7c5/elements[39m {"using":"xpath","value":"//*[@class = 'android.widget.EditText' and (@text = 'Search or type URL' or . = 'Search or type URL') and @resource-id = 'com.android.chrome:id/search_box_text']"}
[38;5;54m[0048b0b2][0m[38;5;86m[HTTP][0m <-- POST /wd/hub/session/0048b0b2-ccfa-4336-ac07-856286abe7c5/elements 200 61 ms - 12 
[38;5;54m[0048b0b2][0m[38;5;86m[HTTP][0m [37m-->[39m [37mPOST[39m [37m/wd/hub/session/0048b0b2-ccfa-4336-ac07-856286abe7c5/elements[39m {"using":"xpath","value":"//*[@class = 'android.widget.EditText' and (@text = 'Search or type URL' or . = 'Search or type URL') and @resource-id = 'com.android.chrome:id/search_box_text']"}
[38;5;54m[0048b0b2][0m[38;5;86m[HTTP][0m <-- POST /wd/hub/session/0048b0b2-ccfa-4336-ac07-856286abe7c5/elements 200 61 ms - 12 
[38;5;54m[0048b0b2][0m[38;5;86m[HTTP][0m [37m-->[39m [37mPOST[39m [37m/wd/hub/session/0048b0b2-ccfa-4336-ac07-856286abe7c5/elements[39m {"using":"xpath","value":"//*[@class = 'android.widget.EditText' and (@text = 'Search or type URL' or . = 'Search or type URL') and @resource-id = 'com.android.chrome:id/search_box_text']"}
[38;5;54m[0048b0b2][0m[38;5;86m[HTTP][0m <-- POST /wd/hub/session/0048b0b2-ccfa-4336-ac07-856286abe7c5/elements 200 57 ms - 12 
[38;5;54m[0048b0b2][0m[38;5;86m[HTTP][0m [37m-->[39m [37mPOST[39m [37m/wd/hub/session/0048b0b2-ccfa-4336-ac07-856286abe7c5/elements[39m {"using":"xpath","value":"//*[@class = 'android.widget.EditText' and (@text = 'Search or type URL' or . = 'Search or type URL') and @resource-id = 'com.android.chrome:id/search_box_text']"}
[38;5;54m[0048b0b2][0m[38;5;86m[HTTP][0m <-- POST /wd/hub/session/0048b0b2-ccfa-4336-ac07-856286abe7c5/elements 200 61 ms - 12 
[38;5;54m[0048b0b2][0m[38;5;86m[HTTP][0m [37m-->[39m [37mPOST[39m [37m/wd/hub/session/0048b0b2-ccfa-4336-ac07-856286abe7c5/elements[39m {"using":"xpath","value":"//*[@class = 'android.widget.EditText' and (@text = 'Search or type URL' or . = 'Search or type URL') and @resource-id = 'com.android.chrome:id/search_box_text']"}
[38;5;54m[0048b0b2][0m[38;5;86m[HTTP][0m <-- POST /wd/hub/session/0048b0b2-ccfa-4336-ac07-856286abe7c5/elements 200 54 ms - 12 
[38;5;54m[0048b0b2][0m[38;5;86m[HTTP][0m [37m-->[39m [37mPOST[39m [37m/wd/hub/session/0048b0b2-ccfa-4336-ac07-856286abe7c5/elements[39m {"using":"xpath","value":"//*[@class = 'android.widget.EditText' and (@text = 'Search or type URL' or . = 'Search or type URL') and @resource-id = 'com.android.chrome:id/search_box_text']"}
[38;5;54m[0048b0b2][0m[38;5;86m[HTTP][0m <-- POST /wd/hub/session/0048b0b2-ccfa-4336-ac07-856286abe7c5/elements 200 52 ms - 12 
[38;5;54m[0048b0b2][0m[38;5;86m[HTTP][0m [37m-->[39m [37mPOST[39m [37m/wd/hub/session/0048b0b2-ccfa-4336-ac07-856286abe7c5/elements[39m {"using":"xpath","value":"//*[@class = 'android.widget.EditText' and (@text = 'Search or type URL' or . = 'Search or type URL') and @resource-id = 'com.android.chrome:id/search_box_text']"}
[38;5;54m[0048b0b2][0m[38;5;86m[HTTP][0m <-- POST /wd/hub/session/0048b0b2-ccfa-4336-ac07-856286abe7c5/elements 200 62 ms - 12 
[38;5;54m[0048b0b2][0m[38;5;86m[HTTP][0m [37m-->[39m [37mPOST[39m [37m/wd/hub/session/0048b0b2-ccfa-4336-ac07-856286abe7c5/elements[39m {"using":"xpath","value":"//*[@class = 'android.widget.EditText' and (@text = 'Search or type URL' or . = 'Search or type URL') and @resource-id = 'com.android.chrome:id/search_box_text']"}
[38;5;54m[0048b0b2][0m[38;5;86m[HTTP][0m <-- POST /wd/hub/session/0048b0b2-ccfa-4336-ac07-856286abe7c5/elements 200 68 ms - 12 
[38;5;54m[0048b0b2][0m[38;5;86m[HTTP][0m [37m-->[39m [37mPOST[39m [37m/wd/hub/session/0048b0b2-ccfa-4336-ac07-856286abe7c5/elements[39m {"using":"xpath","value":"//*[@class = 'android.widget.EditText' and (@text = 'Search or type URL' or . = 'Search or type URL') and @resource-id = 'com.android.chrome:id/search_box_text']"}
[38;5;54m[0048b0b2][0m[38;5;86m[HTTP][0m <-- POST /wd/hub/session/0048b0b2-ccfa-4336-ac07-856286abe7c5/elements 200 55 ms - 12 
[38;5;54m[0048b0b2][0m[38;5;86m[HTTP][0m [37m-->[39m [37mPOST[39m [37m/wd/hub/session/0048b0b2-ccfa-4336-ac07-856286abe7c5/elements[39m {"using":"xpath","value":"//*[@class = 'android.widget.EditText' and (@text = 'Search or type URL' or . = 'Search or type URL') and @resource-id = 'com.android.chrome:id/search_box_text']"}
[38;5;54m[0048b0b2][0m[38;5;86m[HTTP][0m <-- POST /wd/hub/session/0048b0b2-ccfa-4336-ac07-856286abe7c5/elements 200 59 ms - 12 
[38;5;54m[0048b0b2][0m[38;5;86m[HTTP][0m [37m-->[39m [37mPOST[39m [37m/wd/hub/session/0048b0b2-ccfa-4336-ac07-856286abe7c5/elements[39m {"using":"xpath","value":"//*[@class = 'android.widget.EditText' and (@text = 'Search or type URL' or . = 'Search or type URL') and @resource-id = 'com.android.chrome:id/search_box_text']"}
[38;5;54m[0048b0b2][0m[38;5;86m[HTTP][0m <-- POST /wd/hub/session/0048b0b2-ccfa-4336-ac07-856286abe7c5/elements 200 57 ms - 12 
[38;5;54m[0048b0b2][0m[38;5;86m[HTTP][0m [37m-->[39m [37mPOST[39m [37m/wd/hub/session/0048b0b2-ccfa-4336-ac07-856286abe7c5/elements[39m {"using":"xpath","value":"//*[@class = 'android.widget.EditText' and (@text = 'Search or type URL' or . = 'Search or type URL') and @resource-id = 'com.android.chrome:id/search_box_text']"}
[38;5;54m[0048b0b2][0m[38;5;86m[HTTP][0m <-- POST /wd/hub/session/0048b0b2-ccfa-4336-ac07-856286abe7c5/elements 200 59 ms - 12 
[38;5;54m[0048b0b2][0m[38;5;86m[HTTP][0m [37m-->[39m [37mPOST[39m [37m/wd/hub/session/0048b0b2-ccfa-4336-ac07-856286abe7c5/elements[39m {"using":"xpath","value":"//*[@class = 'android.widget.EditText' and (@text = 'Search or type URL' or . = 'Search or type URL') and @resource-id = 'com.android.chrome:id/search_box_text']"}
[38;5;54m[0048b0b2][0m[38;5;86m[HTTP][0m <-- POST /wd/hub/session/0048b0b2-ccfa-4336-ac07-856286abe7c5/elements 200 68 ms - 12 
[38;5;54m[0048b0b2][0m[38;5;86m[HTTP][0m [37m-->[39m [37mPOST[39m [37m/wd/hub/session/0048b0b2-ccfa-4336-ac07-856286abe7c5/elements[39m {"using":"xpath","value":"//*[@class = 'android.widget.EditText' and (@text = 'Search or type URL' or . = 'Search or type URL') and @resource-id = 'com.android.chrome:id/search_box_text']"}
[38;5;54m[0048b0b2][0m[38;5;86m[HTTP][0m <-- POST /wd/hub/session/0048b0b2-ccfa-4336-ac07-856286abe7c5/elements 200 69 ms - 12 
[38;5;54m[0048b0b2][0m[38;5;86m[HTTP][0m [37m-->[39m [37mPOST[39m [37m/wd/hub/session/0048b0b2-ccfa-4336-ac07-856286abe7c5/elements[39m {"using":"xpath","value":"//*[@class = 'android.widget.EditText' and (@text = 'Search or type URL' or . = 'Search or type URL') and @resource-id = 'com.android.chrome:id/search_box_text']"}
[38;5;54m[0048b0b2][0m[38;5;86m[HTTP][0m <-- POST /wd/hub/session/0048b0b2-ccfa-4336-ac07-856286abe7c5/elements 200 65 ms - 12 
[38;5;54m[0048b0b2][0m[38;5;86m[HTTP][0m [37m-->[39m [37mPOST[39m [37m/wd/hub/session/0048b0b2-ccfa-4336-ac07-856286abe7c5/elements[39m {"using":"xpath","value":"//*[@class = 'android.widget.EditText' and (@text = 'Search or type URL' or . = 'Search or type URL') and @resource-id = 'com.android.chrome:id/search_box_text']"}
[38;5;54m[0048b0b2][0m[38;5;86m[HTTP][0m <-- POST /wd/hub/session/0048b0b2-ccfa-4336-ac07-856286abe7c5/elements 200 67 ms - 12 
[38;5;54m[0048b0b2][0m[38;5;86m[HTTP][0m [37m-->[39m [37mPOST[39m [37m/wd/hub/session/0048b0b2-ccfa-4336-ac07-856286abe7c5/elements[39m {"using":"xpath","value":"//*[@class = 'android.widget.EditText' and (@text = 'Search or type URL' or . = 'Search or type URL') and @resource-id = 'com.android.chrome:id/search_box_text']"}
[38;5;54m[0048b0b2][0m[38;5;86m[HTTP][0m <-- POST /wd/hub/session/0048b0b2-ccfa-4336-ac07-856286abe7c5/elements 200 61 ms - 12 
[38;5;54m[0048b0b2][0m[38;5;86m[HTTP][0m [37m-->[39m [37mPOST[39m [37m/wd/hub/session/0048b0b2-ccfa-4336-ac07-856286abe7c5/elements[39m {"using":"xpath","value":"//*[@class = 'android.widget.EditText' and (@text = 'Search or type URL' or . = 'Search or type URL') and @resource-id = 'com.android.chrome:id/search_box_text']"}
[38;5;54m[0048b0b2][0m[38;5;86m[HTTP][0m <-- POST /wd/hub/session/0048b0b2-ccfa-4336-ac07-856286abe7c5/elements 200 53 ms - 12 
[38;5;54m[0048b0b2][0m[38;5;86m[HTTP][0m [37m-->[39m [37mPOST[39m [37m/wd/hub/session/0048b0b2-ccfa-4336-ac07-856286abe7c5/elements[39m {"using":"xpath","value":"//*[@class = 'android.widget.EditText' and (@text = 'Search or type URL' or . = 'Search or type URL') and @resource-id = 'com.android.chrome:id/search_box_text']"}
[38;5;54m[0048b0b2][0m[38;5;86m[HTTP][0m <-- POST /wd/hub/session/0048b0b2-ccfa-4336-ac07-856286abe7c5/elements 200 68 ms - 12 
[38;5;54m[0048b0b2][0m[38;5;86m[HTTP][0m [37m-->[39m [37mPOST[39m [37m/wd/hub/session/0048b0b2-ccfa-4336-ac07-856286abe7c5/elements[39m {"using":"xpath","value":"//*[@class = 'android.widget.EditText' and (@text = 'Search or type URL' or . = 'Search or type URL') and @resource-id = 'com.android.chrome:id/search_box_text']"}
[38;5;54m[0048b0b2][0m[38;5;86m[HTTP][0m <-- POST /wd/hub/session/0048b0b2-ccfa-4336-ac07-856286abe7c5/elements 200 112 ms - 12 
[38;5;54m[0048b0b2][0m[38;5;86m[HTTP][0m [37m-->[39m [37mPOST[39m [37m/wd/hub/session/0048b0b2-ccfa-4336-ac07-856286abe7c5/elements[39m {"using":"xpath","value":"//*[@class = 'android.widget.EditText' and (@text = 'Search or type URL' or . = 'Search or type URL') and @resource-id = 'com.android.chrome:id/search_box_text']"}
[38;5;54m[0048b0b2][0m[38;5;86m[HTTP][0m <-- POST /wd/hub/session/0048b0b2-ccfa-4336-ac07-856286abe7c5/elements 200 67 ms - 12 
[38;5;54m[0048b0b2][0m[38;5;86m[HTTP][0m [37m-->[39m [37mPOST[39m [37m/wd/hub/session/0048b0b2-ccfa-4336-ac07-856286abe7c5/elements[39m {"using":"xpath","value":"//*[@class = 'android.widget.EditText' and (@text = 'Search or type URL' or . = 'Search or type URL') and @resource-id = 'com.android.chrome:id/search_box_text']"}
[38;5;54m[0048b0b2][0m[38;5;86m[HTTP][0m <-- POST /wd/hub/session/0048b0b2-ccfa-4336-ac07-856286abe7c5/elements 200 67 ms - 12 
[38;5;54m[0048b0b2][0m[38;5;86m[HTTP][0m [37m-->[39m [37mPOST[39m [37m/wd/hub/session/0048b0b2-ccfa-4336-ac07-856286abe7c5/elements[39m {"using":"xpath","value":"//*[@class = 'android.widget.EditText' and (@text = 'Search or type URL' or . = 'Search or type URL') and @resource-id = 'com.android.chrome:id/search_box_text']"}
[38;5;54m[0048b0b2][0m[38;5;86m[HTTP][0m <-- POST /wd/hub/session/0048b0b2-ccfa-4336-ac07-856286abe7c5/elements 200 51 ms - 12 
[38;5;54m[0048b0b2][0m[38;5;86m[HTTP][0m [37m-->[39m [37mPOST[39m [37m/wd/hub/session/0048b0b2-ccfa-4336-ac07-856286abe7c5/elements[39m {"using":"xpath","value":"//*[@class = 'android.widget.EditText' and (@text = 'Search or type URL' or . = 'Search or type URL') and @resource-id = 'com.android.chrome:id/search_box_text']"}
[38;5;54m[0048b0b2][0m[38;5;86m[HTTP][0m <-- POST /wd/hub/session/0048b0b2-ccfa-4336-ac07-856286abe7c5/elements 200 53 ms - 12 
[38;5;54m[0048b0b2][0m[38;5;86m[HTTP][0m [37m-->[39m [37mPOST[39m [37m/wd/hub/session/0048b0b2-ccfa-4336-ac07-856286abe7c5/elements[39m {"using":"xpath","value":"//*[@class = 'android.widget.EditText' and (@text = 'Search or type URL' or . = 'Search or type URL') and @resource-id = 'com.android.chrome:id/search_box_text']"}
[38;5;54m[0048b0b2][0m[38;5;86m[HTTP][0m <-- POST /wd/hub/session/0048b0b2-ccfa-4336-ac07-856286abe7c5/elements 200 55 ms - 12 
[38;5;54m[0048b0b2][0m[38;5;86m[HTTP][0m [37m-->[39m [37mPOST[39m [37m/wd/hub/session/0048b0b2-ccfa-4336-ac07-856286abe7c5/elements[39m {"using":"xpath","value":"//*[@class = 'android.widget.EditText' and (@text = 'Search or type URL' or . = 'Search or type URL') and @resource-id = 'com.android.chrome:id/search_box_text']"}
[38;5;54m[0048b0b2][0m[38;5;86m[HTTP][0m <-- POST /wd/hub/session/0048b0b2-ccfa-4336-ac07-856286abe7c5/elements 200 53 ms - 12 
[38;5;54m[0048b0b2][0m[38;5;86m[HTTP][0m [37m-->[39m [37mPOST[39m [37m/wd/hub/session/0048b0b2-ccfa-4336-ac07-856286abe7c5/elements[39m {"using":"xpath","value":"//*[@class = 'android.widget.EditText' and (@text = 'Search or type URL' or . = 'Search or type URL') and @resource-id = 'com.android.chrome:id/search_box_text']"}
[38;5;54m[0048b0b2][0m[38;5;86m[HTTP][0m <-- POST /wd/hub/session/0048b0b2-ccfa-4336-ac07-856286abe7c5/elements 200 63 ms - 12 
[38;5;54m[0048b0b2][0m[38;5;86m[HTTP][0m [37m-->[39m [37mPOST[39m [37m/wd/hub/session/0048b0b2-ccfa-4336-ac07-856286abe7c5/elements[39m {"using":"xpath","value":"//*[@class = 'android.widget.EditText' and (@text = 'Search or type URL' or . = 'Search or type URL') and @resource-id = 'com.android.chrome:id/search_box_text']"}
[38;5;54m[0048b0b2][0m[38;5;86m[HTTP][0m <-- POST /wd/hub/session/0048b0b2-ccfa-4336-ac07-856286abe7c5/elements 200 57 ms - 12 
[38;5;54m[0048b0b2][0m[38;5;86m[HTTP][0m [37m-->[39m [37mPOST[39m [37m/wd/hub/session/0048b0b2-ccfa-4336-ac07-856286abe7c5/elements[39m {"using":"xpath","value":"//*[@class = 'android.widget.EditText' and (@text = 'Search or type URL' or . = 'Search or type URL') and @resource-id = 'com.android.chrome:id/search_box_text']"}
[38;5;54m[0048b0b2][0m[38;5;86m[HTTP][0m <-- POST /wd/hub/session/0048b0b2-ccfa-4336-ac07-856286abe7c5/elements 200 64 ms - 12 
[38;5;54m[0048b0b2][0m[38;5;86m[HTTP][0m [37m-->[39m [37mPOST[39m [37m/wd/hub/session/0048b0b2-ccfa-4336-ac07-856286abe7c5/elements[39m {"using":"xpath","value":"//*[@class = 'android.widget.EditText' and (@text = 'Search or type URL' or . = 'Search or type URL') and @resource-id = 'com.android.chrome:id/search_box_text']"}
[38;5;54m[0048b0b2][0m[38;5;86m[HTTP][0m <-- POST /wd/hub/session/0048b0b2-ccfa-4336-ac07-856286abe7c5/elements 200 62 ms - 12 
[38;5;54m[0048b0b2][0m[38;5;86m[HTTP][0m [37m-->[39m [37mPOST[39m [37m/wd/hub/session/0048b0b2-ccfa-4336-ac07-856286abe7c5/elements[39m {"using":"xpath","value":"//*[@class = 'android.widget.EditText' and (@text = 'Search or type URL' or . = 'Search or type URL') and @resource-id = 'com.android.chrome:id/search_box_text']"}
[38;5;54m[0048b0b2][0m[38;5;86m[HTTP][0m <-- POST /wd/hub/session/0048b0b2-ccfa-4336-ac07-856286abe7c5/elements 200 55 ms - 12 
[38;5;54m[0048b0b2][0m[38;5;86m[HTTP][0m [37m-->[39m [37mPOST[39m [37m/wd/hub/session/0048b0b2-ccfa-4336-ac07-856286abe7c5/elements[39m {"using":"xpath","value":"//*[@class = 'android.widget.EditText' and (@text = 'Search or type URL' or . = 'Search or type URL') and @resource-id = 'com.android.chrome:id/search_box_text']"}
[38;5;54m[0048b0b2][0m[38;5;86m[HTTP][0m <-- POST /wd/hub/session/0048b0b2-ccfa-4336-ac07-856286abe7c5/elements 200 57 ms - 12 
[38;5;54m[0048b0b2][0m[38;5;86m[HTTP][0m [37m-->[39m [37mPOST[39m [37m/wd/hub/session/0048b0b2-ccfa-4336-ac07-856286abe7c5/elements[39m {"using":"xpath","value":"//*[@class = 'android.widget.EditText' and (@text = 'Search or type URL' or . = 'Search or type URL') and @resource-id = 'com.android.chrome:id/search_box_text']"}
[38;5;54m[0048b0b2][0m[38;5;86m[HTTP][0m <-- POST /wd/hub/session/0048b0b2-ccfa-4336-ac07-856286abe7c5/elements 200 69 ms - 12 
[38;5;54m[0048b0b2][0m[38;5;86m[HTTP][0m [37m-->[39m [37mPOST[39m [37m/wd/hub/session/0048b0b2-ccfa-4336-ac07-856286abe7c5/elements[39m {"using":"xpath","value":"//*[@class = 'android.widget.EditText' and (@text = 'Search or type URL' or . = 'Search or type URL') and @resource-id = 'com.android.chrome:id/search_box_text']"}
[38;5;54m[0048b0b2][0m[38;5;86m[HTTP][0m <-- POST /wd/hub/session/0048b0b2-ccfa-4336-ac07-856286abe7c5/elements 200 64 ms - 12 
[38;5;54m[0048b0b2][0m[38;5;86m[HTTP][0m [37m-->[39m [37mPOST[39m [37m/wd/hub/session/0048b0b2-ccfa-4336-ac07-856286abe7c5/elements[39m {"using":"xpath","value":"//*[@class = 'android.widget.EditText' and (@text = 'Search or type URL' or . = 'Search or type URL') and @resource-id = 'com.android.chrome:id/search_box_text']"}
[38;5;54m[0048b0b2][0m[38;5;86m[HTTP][0m <-- POST /wd/hub/session/0048b0b2-ccfa-4336-ac07-856286abe7c5/elements 200 64 ms - 12 
[38;5;54m[0048b0b2][0m[38;5;86m[HTTP][0m [37m-->[39m [37mPOST[39m [37m/wd/hub/session/0048b0b2-ccfa-4336-ac07-856286abe7c5/elements[39m {"using":"xpath","value":"//*[@class = 'android.widget.EditText' and (@text = 'Search or type URL' or . = 'Search or type URL') and @resource-id = 'com.android.chrome:id/search_box_text']"}
[38;5;54m[0048b0b2][0m[38;5;86m[HTTP][0m <-- POST /wd/hub/session/0048b0b2-ccfa-4336-ac07-856286abe7c5/elements 200 1866 ms - 139 
[38;5;54m[0048b0b2][0m[38;5;86m[HTTP][0m [37m-->[39m [37mGET[39m [37m/wd/hub/session/0048b0b2-ccfa-4336-ac07-856286abe7c5/element/00000000-0000-01ad-ffff-ffff000000a6/location[39m {}
[38;5;54m[0048b0b2][0m[38;5;-139m[AndroidUiautomator2Driver@5991][0m Driver proxy active, passing request on via HTTP proxy
[38;5;54m[0048b0b2][0m[38;5;-139m[AndroidUiautomator2Driver@5991][0m Replacing sessionId 35795be7-6f49-493b-b4f3-5d3c1961b993 with 0048b0b2-ccfa-4336-ac07-856286abe7c5
[38;5;54m[0048b0b2][0m[38;5;86m[HTTP][0m <-- GET /wd/hub/session/0048b0b2-ccfa-4336-ac07-856286abe7c5/element/00000000-0000-01ad-ffff-ffff000000a6/location 200 74 ms - 77 
[38;5;54m[0048b0b2][0m[38;5;86m[HTTP][0m [37m-->[39m [37mPOST[39m [37m/wd/hub/session/0048b0b2-ccfa-4336-ac07-856286abe7c5/timeouts[39m {"implicit":30000}
[38;5;54m[0048b0b2][0m[38;5;86m[HTTP][0m <-- POST /wd/hub/session/0048b0b2-ccfa-4336-ac07-856286abe7c5/timeouts 200 1 ms - 14 
[38;5;54m[0048b0b2][0m[38;5;86m[HTTP][0m [37m-->[39m [37mPOST[39m [37m/wd/hub/session/0048b0b2-ccfa-4336-ac07-856286abe7c5/element/00000000-0000-01ad-ffff-ffff000000a6/click[39m {"id":"00000000-0000-01ad-ffff-ffff000000a6"}
[38;5;54m[0048b0b2][0m[38;5;86m[HTTP][0m <-- POST /wd/hub/session/0048b0b2-ccfa-4336-ac07-856286abe7c5/element/00000000-0000-01ad-ffff-ffff000000a6/click 200 68 ms - 14 
[38;5;54m[0048b0b2][0m[38;5;86m[HTTP][0m [37m-->[39m [37mPOST[39m [37m/wd/hub/session/0048b0b2-ccfa-4336-ac07-856286abe7c5/timeouts[39m {"implicit":50}
[38;5;54m[0048b0b2][0m[38;5;86m[HTTP][0m <-- POST /wd/hub/session/0048b0b2-ccfa-4336-ac07-856286abe7c5/timeouts 200 1 ms - 14 
[38;5;54m[0048b0b2][0m[38;5;86m[HTTP][0m [37m-->[39m [37mGET[39m [37m/wd/hub/session/0048b0b2-ccfa-4336-ac07-856286abe7c5/window/rect[39m {}
[38;5;54m[0048b0b2][0m[38;5;86m[HTTP][0m <-- GET /wd/hub/session/0048b0b2-ccfa-4336-ac07-856286abe7c5/window/rect 200 21 ms - 49 
[38;5;54m[0048b0b2][0m[38;5;86m[HTTP][0m [37m-->[39m [37mPOST[39m [37m/wd/hub/session/0048b0b2-ccfa-4336-ac07-856286abe7c5/elements[39m {"using":"xpath","value":"//*[@class = 'android.widget.EditText' and (@text = 'Search or type URL' or . = 'Search or type URL') and @resource-id = 'com.android.chrome:id/url_bar']"}
[38;5;54m[0048b0b2][0m[38;5;86m[HTTP][0m <-- POST /wd/hub/session/0048b0b2-ccfa-4336-ac07-856286abe7c5/elements 200 281 ms - 139 
[38;5;54m[0048b0b2][0m[38;5;86m[HTTP][0m [37m-->[39m [37mGET[39m [37m/wd/hub/session/0048b0b2-ccfa-4336-ac07-856286abe7c5/element/00000000-0000-01ad-ffff-ffff00000026/location[39m {}
[38;5;54m[0048b0b2][0m[38;5;-139m[AndroidUiautomator2Driver@5991][0m Driver proxy active, passing request on via HTTP proxy
[38;5;54m[0048b0b2][0m[38;5;-139m[AndroidUiautomator2Driver@5991][0m Replacing sessionId 35795be7-6f49-493b-b4f3-5d3c1961b993 with 0048b0b2-ccfa-4336-ac07-856286abe7c5
[38;5;54m[0048b0b2][0m[38;5;86m[HTTP][0m <-- GET /wd/hub/session/0048b0b2-ccfa-4336-ac07-856286abe7c5/element/00000000-0000-01ad-ffff-ffff00000026/location 200 1641 ms - 77 
[38;5;54m[0048b0b2][0m[38;5;86m[HTTP][0m [37m-->[39m [37mPOST[39m [37m/wd/hub/session/0048b0b2-ccfa-4336-ac07-856286abe7c5/timeouts[39m {"implicit":30000}
[38;5;54m[0048b0b2][0m[38;5;86m[HTTP][0m <-- POST /wd/hub/session/0048b0b2-ccfa-4336-ac07-856286abe7c5/timeouts 200 1 ms - 14 
[38;5;54m[0048b0b2][0m[38;5;86m[HTTP][0m [37m-->[39m [37mPOST[39m [37m/wd/hub/session/0048b0b2-ccfa-4336-ac07-856286abe7c5/element/00000000-0000-01ad-ffff-ffff00000026/clear[39m {"id":"00000000-0000-01ad-ffff-ffff00000026"}
[38;5;54m[0048b0b2][0m[38;5;86m[HTTP][0m <-- POST /wd/hub/session/0048b0b2-ccfa-4336-ac07-856286abe7c5/element/00000000-0000-01ad-ffff-ffff00000026/clear 200 33 ms - 14 
[38;5;54m[0048b0b2][0m[38;5;86m[HTTP][0m [37m-->[39m [37mPOST[39m [37m/wd/hub/session/0048b0b2-ccfa-4336-ac07-856286abe7c5/element/00000000-0000-01ad-ffff-ffff00000026/click[39m {"id":"00000000-0000-01ad-ffff-ffff00000026"}
[38;5;54m[0048b0b2][0m[38;5;86m[HTTP][0m <-- POST /wd/hub/session/0048b0b2-ccfa-4336-ac07-856286abe7c5/element/00000000-0000-01ad-ffff-ffff00000026/click 200 1173 ms - 14 
[38;5;54m[0048b0b2][0m[38;5;86m[HTTP][0m [37m-->[39m [37mPOST[39m [37m/wd/hub/session/0048b0b2-ccfa-4336-ac07-856286abe7c5/element/00000000-0000-01ad-ffff-ffff00000026/value[39m {"id":"00000000-0000-01ad-ffff-ffff00000026","text":"https://www.mailinator.com/v4/public/inboxes.jsp?to=olseratest","value":["h","t","t","p","s",":","/","/","w","w","w",".","m","a","i","l","i","n","a","t","o","r",".","c","o","m","/","v","4","/","p","u","b","l","i","c","/","i","n","b","o","x","e","s",".","j","s","p","?","t","o","=","o","l","s","e","r","a","t","e","s","t"]}
[38;5;54m[0048b0b2][0m[38;5;86m[HTTP][0m <-- POST /wd/hub/session/0048b0b2-ccfa-4336-ac07-856286abe7c5/element/00000000-0000-01ad-ffff-ffff00000026/value 200 689 ms - 14 
[38;5;54m[0048b0b2][0m[38;5;86m[HTTP][0m [37m-->[39m [37mPOST[39m [37m/wd/hub/session/0048b0b2-ccfa-4336-ac07-856286abe7c5/timeouts[39m {"implicit":50}
[38;5;54m[0048b0b2][0m[38;5;86m[HTTP][0m <-- POST /wd/hub/session/0048b0b2-ccfa-4336-ac07-856286abe7c5/timeouts 200 1 ms - 14 
[38;5;54m[0048b0b2][0m[38;5;86m[HTTP][0m [37m-->[39m [37mGET[39m [37m/wd/hub/session/0048b0b2-ccfa-4336-ac07-856286abe7c5/window/rect[39m {}
[38;5;54m[0048b0b2][0m[38;5;86m[HTTP][0m <-- GET /wd/hub/session/0048b0b2-ccfa-4336-ac07-856286abe7c5/window/rect 200 14 ms - 49 
[38;5;54m[0048b0b2][0m[38;5;86m[HTTP][0m [37m-->[39m [37mPOST[39m [37m/wd/hub/session/0048b0b2-ccfa-4336-ac07-856286abe7c5/elements[39m {"using":"xpath","value":"//*[@class = 'android.widget.TextView' and (@text = 'https://www.mailinator.com/v4/public/inboxes.jsp?to=olseratest' or . = 'https://www.mailinator.com/v4/public/inboxes.jsp?to=olseratest') and @resource-id = 'com.android.chrome:id/line_2']"}
[38;5;54m[0048b0b2][0m[38;5;86m[HTTP][0m <-- POST /wd/hub/session/0048b0b2-ccfa-4336-ac07-856286abe7c5/elements 200 1049 ms - 139 
[38;5;54m[0048b0b2][0m[38;5;86m[HTTP][0m [37m-->[39m [37mGET[39m [37m/wd/hub/session/0048b0b2-ccfa-4336-ac07-856286abe7c5/element/00000000-0000-01ad-ffff-ffff00000119/location[39m {}
[38;5;54m[0048b0b2][0m[38;5;-139m[AndroidUiautomator2Driver@5991][0m Driver proxy active, passing request on via HTTP proxy
[38;5;54m[0048b0b2][0m[38;5;-139m[AndroidUiautomator2Driver@5991][0m Replacing sessionId 35795be7-6f49-493b-b4f3-5d3c1961b993 with 0048b0b2-ccfa-4336-ac07-856286abe7c5
[38;5;54m[0048b0b2][0m[38;5;86m[HTTP][0m <-- GET /wd/hub/session/0048b0b2-ccfa-4336-ac07-856286abe7c5/element/00000000-0000-01ad-ffff-ffff00000119/location 200 29 ms - 78 
[38;5;54m[0048b0b2][0m[38;5;86m[HTTP][0m [37m-->[39m [37mPOST[39m [37m/wd/hub/session/0048b0b2-ccfa-4336-ac07-856286abe7c5/timeouts[39m {"implicit":30000}
[38;5;54m[0048b0b2][0m[38;5;86m[HTTP][0m <-- POST /wd/hub/session/0048b0b2-ccfa-4336-ac07-856286abe7c5/timeouts 200 1 ms - 14 
[38;5;54m[0048b0b2][0m[38;5;86m[HTTP][0m [37m-->[39m [37mPOST[39m [37m/wd/hub/session/0048b0b2-ccfa-4336-ac07-856286abe7c5/element/00000000-0000-01ad-ffff-ffff00000119/click[39m {"id":"00000000-0000-01ad-ffff-ffff00000119"}
[38;5;54m[0048b0b2][0m[38;5;86m[HTTP][0m <-- POST /wd/hub/session/0048b0b2-ccfa-4336-ac07-856286abe7c5/element/00000000-0000-01ad-ffff-ffff00000119/click 200 66 ms - 14 
[38;5;54m[0048b0b2][0m[38;5;86m[HTTP][0m [37m-->[39m [37mGET[39m [37m/wd/hub/session/0048b0b2-ccfa-4336-ac07-856286abe7c5/context[39m {}
[38;5;54m[0048b0b2][0m[38;5;86m[HTTP][0m <-- GET /wd/hub/session/0048b0b2-ccfa-4336-ac07-856286abe7c5/context 200 1 ms - 22 
[38;5;54m[0048b0b2][0m[38;5;86m[HTTP][0m [37m-->[39m [37mGET[39m [37m/wd/hub/session/0048b0b2-ccfa-4336-ac07-856286abe7c5/contexts[39m {}
[38;5;54m[0048b0b2][0m[38;5;86m[HTTP][0m <-- GET /wd/hub/session/0048b0b2-ccfa-4336-ac07-856286abe7c5/contexts 200 263 ms - 41 
[38;5;54m[0048b0b2][0m[38;5;86m[HTTP][0m [37m-->[39m [37mPOST[39m [37m/wd/hub/session/0048b0b2-ccfa-4336-ac07-856286abe7c5/context[39m {"name":"NATIVE_APP"}
[38;5;54m[0048b0b2][0m[38;5;86m[HTTP][0m <-- POST /wd/hub/session/0048b0b2-ccfa-4336-ac07-856286abe7c5/context 200 0 ms - 14 
[38;5;54m[0048b0b2][0m[38;5;86m[HTTP][0m [37m-->[39m [37mPOST[39m [37m/wd/hub/session/0048b0b2-ccfa-4336-ac07-856286abe7c5/element[39m {"using":"-android uiautomator","value":"new UiScrollable(new UiSelector().scrollable(true).instance(0)).scrollIntoView(new UiSelector().textContains(\"olseratest\"))"}
[38;5;54m[0048b0b2][0m[38;5;86m[HTTP][0m <-- POST /wd/hub/session/0048b0b2-ccfa-4336-ac07-856286abe7c5/element 200 1133 ms - 137 
[38;5;54m[0048b0b2][0m[38;5;86m[HTTP][0m [37m-->[39m [37mPOST[39m [37m/wd/hub/session/0048b0b2-ccfa-4336-ac07-856286abe7c5/context[39m {"name":"NATIVE_APP"}
[38;5;54m[0048b0b2][0m[38;5;86m[HTTP][0m <-- POST /wd/hub/session/0048b0b2-ccfa-4336-ac07-856286abe7c5/context 200 1 ms - 14 
[38;5;54m[0048b0b2][0m[38;5;86m[HTTP][0m [37m-->[39m [37mPOST[39m [37m/wd/hub/session/0048b0b2-ccfa-4336-ac07-856286abe7c5/timeouts[39m {"implicit":50}
[38;5;54m[0048b0b2][0m[38;5;86m[HTTP][0m <-- POST /wd/hub/session/0048b0b2-ccfa-4336-ac07-856286abe7c5/timeouts 200 1 ms - 14 
[38;5;54m[0048b0b2][0m[38;5;86m[HTTP][0m [37m-->[39m [37mGET[39m [37m/wd/hub/session/0048b0b2-ccfa-4336-ac07-856286abe7c5/window/rect[39m {}
[38;5;54m[0048b0b2][0m[38;5;86m[HTTP][0m <-- GET /wd/hub/session/0048b0b2-ccfa-4336-ac07-856286abe7c5/window/rect 200 19 ms - 49 
[38;5;54m[0048b0b2][0m[38;5;86m[HTTP][0m [37m-->[39m [37mPOST[39m [37m/wd/hub/session/0048b0b2-ccfa-4336-ac07-856286abe7c5/elements[39m {"using":"xpath","value":"//*[@class = 'android.view.View' and @resource-id = 'row_olseratest-1726715078-1775072012' and (@text = '' or . = '')]"}
[38;5;54m[0048b0b2][0m[38;5;86m[HTTP][0m <-- POST /wd/hub/session/0048b0b2-ccfa-4336-ac07-856286abe7c5/elements 200 144 ms - 12 
[38;5;54m[0048b0b2][0m[38;5;86m[HTTP][0m [37m-->[39m [37mPOST[39m [37m/wd/hub/session/0048b0b2-ccfa-4336-ac07-856286abe7c5/elements[39m {"using":"xpath","value":"//*[@class = 'android.view.View' and @resource-id = 'row_olseratest-1726715078-1775072012' and (@text = '' or . = '')]"}
[38;5;54m[0048b0b2][0m[38;5;86m[HTTP][0m <-- POST /wd/hub/session/0048b0b2-ccfa-4336-ac07-856286abe7c5/elements 200 115 ms - 12 
[38;5;54m[0048b0b2][0m[38;5;86m[HTTP][0m [37m-->[39m [37mPOST[39m [37m/wd/hub/session/0048b0b2-ccfa-4336-ac07-856286abe7c5/elements[39m {"using":"xpath","value":"//*[@class = 'android.view.View' and @resource-id = 'row_olseratest-1726715078-1775072012' and (@text = '' or . = '')]"}
[38;5;54m[0048b0b2][0m[38;5;86m[HTTP][0m <-- POST /wd/hub/session/0048b0b2-ccfa-4336-ac07-856286abe7c5/elements 200 109 ms - 12 
[38;5;54m[0048b0b2][0m[38;5;86m[HTTP][0m [37m-->[39m [37mPOST[39m [37m/wd/hub/session/0048b0b2-ccfa-4336-ac07-856286abe7c5/elements[39m {"using":"xpath","value":"//*[@class = 'android.view.View' and @resource-id = 'row_olseratest-1726715078-1775072012' and (@text = '' or . = '')]"}
[38;5;54m[0048b0b2][0m[38;5;86m[HTTP][0m <-- POST /wd/hub/session/0048b0b2-ccfa-4336-ac07-856286abe7c5/elements 200 102 ms - 12 
[38;5;54m[0048b0b2][0m[38;5;86m[HTTP][0m [37m-->[39m [37mPOST[39m [37m/wd/hub/session/0048b0b2-ccfa-4336-ac07-856286abe7c5/elements[39m {"using":"xpath","value":"//*[@class = 'android.view.View' and @resource-id = 'row_olseratest-1726715078-1775072012' and (@text = '' or . = '')]"}
[38;5;54m[0048b0b2][0m[38;5;86m[HTTP][0m <-- POST /wd/hub/session/0048b0b2-ccfa-4336-ac07-856286abe7c5/elements 200 87 ms - 12 
[38;5;54m[0048b0b2][0m[38;5;86m[HTTP][0m [37m-->[39m [37mPOST[39m [37m/wd/hub/session/0048b0b2-ccfa-4336-ac07-856286abe7c5/elements[39m {"using":"xpath","value":"//*[@class = 'android.view.View' and @resource-id = 'row_olseratest-1726715078-1775072012' and (@text = '' or . = '')]"}
[38;5;54m[0048b0b2][0m[38;5;86m[HTTP][0m <-- POST /wd/hub/session/0048b0b2-ccfa-4336-ac07-856286abe7c5/elements 200 75 ms - 12 
[38;5;54m[0048b0b2][0m[38;5;86m[HTTP][0m [37m-->[39m [37mPOST[39m [37m/wd/hub/session/0048b0b2-ccfa-4336-ac07-856286abe7c5/elements[39m {"using":"xpath","value":"//*[@class = 'android.view.View' and @resource-id = 'row_olseratest-1726715078-1775072012' and (@text = '' or . = '')]"}
[38;5;54m[0048b0b2][0m[38;5;86m[HTTP][0m <-- POST /wd/hub/session/0048b0b2-ccfa-4336-ac07-856286abe7c5/elements 200 54 ms - 12 
[38;5;54m[0048b0b2][0m[38;5;86m[HTTP][0m [37m-->[39m [37mPOST[39m [37m/wd/hub/session/0048b0b2-ccfa-4336-ac07-856286abe7c5/elements[39m {"using":"xpath","value":"//*[@class = 'android.view.View' and @resource-id = 'row_olseratest-1726715078-1775072012' and (@text = '' or . = '')]"}
[38;5;54m[0048b0b2][0m[38;5;86m[HTTP][0m <-- POST /wd/hub/session/0048b0b2-ccfa-4336-ac07-856286abe7c5/elements 200 654 ms - 139 
[38;5;54m[0048b0b2][0m[38;5;86m[HTTP][0m [37m-->[39m [37mGET[39m [37m/wd/hub/session/0048b0b2-ccfa-4336-ac07-856286abe7c5/element/00000000-0000-01ad-0000-021a00000189/location[39m {}
[38;5;54m[0048b0b2][0m[38;5;-139m[AndroidUiautomator2Driver@5991][0m Driver proxy active, passing request on via HTTP proxy
[38;5;54m[0048b0b2][0m[38;5;-139m[AndroidUiautomator2Driver@5991][0m Replacing sessionId 35795be7-6f49-493b-b4f3-5d3c1961b993 with 0048b0b2-ccfa-4336-ac07-856286abe7c5
[38;5;54m[0048b0b2][0m[38;5;86m[HTTP][0m <-- GET /wd/hub/session/0048b0b2-ccfa-4336-ac07-856286abe7c5/element/00000000-0000-01ad-0000-021a00000189/location 200 27 ms - 77 
[38;5;54m[0048b0b2][0m[38;5;86m[HTTP][0m [37m-->[39m [37mPOST[39m [37m/wd/hub/session/0048b0b2-ccfa-4336-ac07-856286abe7c5/timeouts[39m {"implicit":30000}
[38;5;54m[0048b0b2][0m[38;5;86m[HTTP][0m <-- POST /wd/hub/session/0048b0b2-ccfa-4336-ac07-856286abe7c5/timeouts 200 1 ms - 14 
[38;5;54m[0048b0b2][0m[38;5;86m[HTTP][0m [37m-->[39m [37mPOST[39m [37m/wd/hub/session/0048b0b2-ccfa-4336-ac07-856286abe7c5/element/00000000-0000-01ad-0000-021a00000189/click[39m {"id":"00000000-0000-01ad-0000-021a00000189"}
[38;5;54m[0048b0b2][0m[38;5;86m[HTTP][0m <-- POST /wd/hub/session/0048b0b2-ccfa-4336-ac07-856286abe7c5/element/00000000-0000-01ad-0000-021a00000189/click 200 46 ms - 14 
[38;5;54m[0048b0b2][0m[38;5;86m[HTTP][0m [37m-->[39m [37mGET[39m [37m/wd/hub/session/0048b0b2-ccfa-4336-ac07-856286abe7c5/context[39m {}
[38;5;54m[0048b0b2][0m[38;5;86m[HTTP][0m <-- GET /wd/hub/session/0048b0b2-ccfa-4336-ac07-856286abe7c5/context 200 1 ms - 22 
[38;5;54m[0048b0b2][0m[38;5;86m[HTTP][0m [37m-->[39m [37mGET[39m [37m/wd/hub/session/0048b0b2-ccfa-4336-ac07-856286abe7c5/contexts[39m {}
[38;5;54m[0048b0b2][0m[38;5;86m[HTTP][0m <-- GET /wd/hub/session/0048b0b2-ccfa-4336-ac07-856286abe7c5/contexts 200 157 ms - 41 
[38;5;54m[0048b0b2][0m[38;5;86m[HTTP][0m [37m-->[39m [37mPOST[39m [37m/wd/hub/session/0048b0b2-ccfa-4336-ac07-856286abe7c5/context[39m {"name":"NATIVE_APP"}
[38;5;54m[0048b0b2][0m[38;5;86m[HTTP][0m <-- POST /wd/hub/session/0048b0b2-ccfa-4336-ac07-856286abe7c5/context 200 0 ms - 14 
[38;5;54m[0048b0b2][0m[38;5;86m[HTTP][0m [37m-->[39m [37mPOST[39m [37m/wd/hub/session/0048b0b2-ccfa-4336-ac07-856286abe7c5/element[39m {"using":"-android uiautomator","value":"new UiScrollable(new UiSelector().scrollable(true).instance(0)).scrollIntoView(new UiSelector().textContains(\"Back to Inbox\"))"}
[38;5;54m[0048b0b2][0m[38;5;86m[HTTP][0m <-- POST /wd/hub/session/0048b0b2-ccfa-4336-ac07-856286abe7c5/element 200 631 ms - 137 
[38;5;54m[0048b0b2][0m[38;5;86m[HTTP][0m [37m-->[39m [37mPOST[39m [37m/wd/hub/session/0048b0b2-ccfa-4336-ac07-856286abe7c5/context[39m {"name":"NATIVE_APP"}
[38;5;54m[0048b0b2][0m[38;5;86m[HTTP][0m <-- POST /wd/hub/session/0048b0b2-ccfa-4336-ac07-856286abe7c5/context 200 1 ms - 14 
[38;5;54m[0048b0b2][0m[38;5;86m[HTTP][0m [37m-->[39m [37mPOST[39m [37m/wd/hub/session/0048b0b2-ccfa-4336-ac07-856286abe7c5/timeouts[39m {"implicit":50}
[38;5;54m[0048b0b2][0m[38;5;86m[HTTP][0m <-- POST /wd/hub/session/0048b0b2-ccfa-4336-ac07-856286abe7c5/timeouts 200 1 ms - 14 
[38;5;54m[0048b0b2][0m[38;5;86m[HTTP][0m [37m-->[39m [37mGET[39m [37m/wd/hub/session/0048b0b2-ccfa-4336-ac07-856286abe7c5/window/rect[39m {}
[38;5;54m[0048b0b2][0m[38;5;86m[HTTP][0m <-- GET /wd/hub/session/0048b0b2-ccfa-4336-ac07-856286abe7c5/window/rect 200 19 ms - 49 
[38;5;54m[0048b0b2][0m[38;5;86m[HTTP][0m [37m-->[39m [37mPOST[39m [37m/wd/hub/session/0048b0b2-ccfa-4336-ac07-856286abe7c5/elements[39m {"using":"xpath","value":"//*[@class = 'android.view.View' and (@text = '' or . = '')]"}
[38;5;54m[0048b0b2][0m[38;5;86m[HTTP][0m <-- POST /wd/hub/session/0048b0b2-ccfa-4336-ac07-856286abe7c5/elements 200 293 ms - 5643 
[38;5;54m[0048b0b2][0m[38;5;86m[HTTP][0m [37m-->[39m [37mGET[39m [37m/wd/hub/session/0048b0b2-ccfa-4336-ac07-856286abe7c5/element/00000000-0000-01ad-ffff-ffff00000045/location[39m {}
[38;5;54m[0048b0b2][0m[38;5;-139m[AndroidUiautomator2Driver@5991][0m Driver proxy active, passing request on via HTTP proxy
[38;5;54m[0048b0b2][0m[38;5;-139m[AndroidUiautomator2Driver@5991][0m Replacing sessionId 35795be7-6f49-493b-b4f3-5d3c1961b993 with 0048b0b2-ccfa-4336-ac07-856286abe7c5
[38;5;54m[0048b0b2][0m[38;5;86m[HTTP][0m <-- GET /wd/hub/session/0048b0b2-ccfa-4336-ac07-856286abe7c5/element/00000000-0000-01ad-ffff-ffff00000045/location 200 23 ms - 75 
[38;5;54m[0048b0b2][0m[38;5;86m[HTTP][0m [37m-->[39m [37mPOST[39m [37m/wd/hub/session/0048b0b2-ccfa-4336-ac07-856286abe7c5/timeouts[39m {"implicit":30000}
[38;5;54m[0048b0b2][0m[38;5;86m[HTTP][0m <-- POST /wd/hub/session/0048b0b2-ccfa-4336-ac07-856286abe7c5/timeouts 200 1 ms - 14 
[38;5;54m[0048b0b2][0m[38;5;86m[HTTP][0m [37m-->[39m [37mGET[39m [37m/wd/hub/session/0048b0b2-ccfa-4336-ac07-856286abe7c5/element/00000000-0000-01ad-ffff-ffff00000045/displayed[39m {}
[38;5;54m[0048b0b2][0m[38;5;86m[HTTP][0m <-- GET /wd/hub/session/0048b0b2-ccfa-4336-ac07-856286abe7c5/element/00000000-0000-01ad-ffff-ffff00000045/displayed 200 16 ms - 14 
[38;5;54m[0048b0b2][0m[38;5;86m[HTTP][0m [37m-->[39m [37mGET[39m [37m/wd/hub/session/0048b0b2-ccfa-4336-ac07-856286abe7c5/context[39m {}
[38;5;54m[0048b0b2][0m[38;5;86m[HTTP][0m <-- GET /wd/hub/session/0048b0b2-ccfa-4336-ac07-856286abe7c5/context 200 1 ms - 22 
[38;5;54m[0048b0b2][0m[38;5;86m[HTTP][0m [37m-->[39m [37mGET[39m [37m/wd/hub/session/0048b0b2-ccfa-4336-ac07-856286abe7c5/contexts[39m {}
[38;5;54m[0048b0b2][0m[38;5;86m[HTTP][0m <-- GET /wd/hub/session/0048b0b2-ccfa-4336-ac07-856286abe7c5/contexts 200 171 ms - 41 
[38;5;54m[0048b0b2][0m[38;5;86m[HTTP][0m [37m-->[39m [37mPOST[39m [37m/wd/hub/session/0048b0b2-ccfa-4336-ac07-856286abe7c5/context[39m {"name":"NATIVE_APP"}
[38;5;54m[0048b0b2][0m[38;5;86m[HTTP][0m <-- POST /wd/hub/session/0048b0b2-ccfa-4336-ac07-856286abe7c5/context 200 0 ms - 14 
[38;5;54m[0048b0b2][0m[38;5;86m[HTTP][0m [37m-->[39m [37mGET[39m [37m/wd/hub/session/0048b0b2-ccfa-4336-ac07-856286abe7c5/appium/device/current_package[39m {}
[38;5;54m[0048b0b2][0m[38;5;86m[HTTP][0m <-- GET /wd/hub/session/0048b0b2-ccfa-4336-ac07-856286abe7c5/appium/device/current_package 200 72 ms - 30 
[38;5;54m[0048b0b2][0m[38;5;86m[HTTP][0m [37m-->[39m [37mPOST[39m [37m/wd/hub/session/0048b0b2-ccfa-4336-ac07-856286abe7c5/appium/device/terminate_app[39m {"bundleId":"com.android.chrome"}
[38;5;54m[0048b0b2][0m[38;5;-139m[AndroidUiautomator2Driver@5991][0m Terminating 'com.android.chrome'
[38;5;54m[0048b0b2][0m[38;5;-139m[AndroidUiautomator2Driver@5991][0m Querying the state of 'com.android.chrome'
[38;5;54m[0048b0b2][0m[38;5;-139m[AndroidUiautomator2Driver@5991][0m 'com.android.chrome' has been successfully terminated
[38;5;54m[0048b0b2][0m[38;5;86m[HTTP][0m <-- POST /wd/hub/session/0048b0b2-ccfa-4336-ac07-856286abe7c5/appium/device/terminate_app 200 557 ms - 14 
[38;5;54m[0048b0b2][0m[38;5;86m[HTTP][0m [37m-->[39m [37mPOST[39m [37m/wd/hub/session/0048b0b2-ccfa-4336-ac07-856286abe7c5/context[39m {"name":"NATIVE_APP"}
[38;5;54m[0048b0b2][0m[38;5;86m[HTTP][0m <-- POST /wd/hub/session/0048b0b2-ccfa-4336-ac07-856286abe7c5/context 200 0 ms - 14 
[38;5;54m[0048b0b2][0m[38;5;86m[HTTP][0m [37m-->[39m [37mDELETE[39m [37m/wd/hub/session/0048b0b2-ccfa-4336-ac07-856286abe7c5[39m {}
[38;5;54m[0048b0b2][0m[38;5;44m[AppiumDriver@e3ee][0m Removing session 0048b0b2-ccfa-4336-ac07-856286abe7c5 from our master session list
[38;5;54m[0048b0b2][0m[38;5;-139m[AndroidUiautomator2Driver@5991][0m Restoring hidden api policy to the device default configuration
[38;5;54m[0048b0b2][0m[38;5;86m[HTTP][0m <-- DELETE /wd/hub/session/0048b0b2-ccfa-4336-ac07-856286abe7c5 200 289 ms - 14 
[38;5;112m[Appium][0m Received SIGTERM - shutting down
[38;5;86m[HTTP][0m Closing Appium HTTP server
[38;5;86m[HTTP][0m Appium HTTP server has been succesfully closed after 0ms
